2020-02-09 00:01:41,824 INFO 56619 [Timer] /Users/weichangbin/Desktop/reptiles/server/app/schedule/replies.js next time will execute after 1800000ms at 2020-02-09 00:31:41.824
2020-02-09 00:01:41,825 INFO 56624 [Job#15811777018223295337812275262] /Users/weichangbin/Desktop/reptiles/server/app/schedule/replies.js executing by app
2020-02-09 00:01:41,858 INFO 56624 [Job#15811777018223295337812275262] /Users/weichangbin/Desktop/reptiles/server/app/schedule/replies.js execute succeed, used 33ms
2020-02-09 01:01:52,294 INFO 56624 [Job#15811813122673313337834203363] /Users/weichangbin/Desktop/reptiles/server/app/schedule/replies.js executing by app
2020-02-09 01:01:52,424 INFO 56624 [Job#15811813122673313337834203363] /Users/weichangbin/Desktop/reptiles/server/app/schedule/replies.js execute succeed, used 117ms
2020-02-09 01:01:52,269 INFO 56619 [Timer] /Users/weichangbin/Desktop/reptiles/server/app/schedule/replies.js next time will execute after 1800000ms at 2020-02-09 01:31:52.269
2020-02-09 01:31:52,333 INFO 56624 [Job#15811831123313331337933105694] /Users/weichangbin/Desktop/reptiles/server/app/schedule/replies.js executing by app
2020-02-09 01:31:52,349 INFO 56624 [Job#15811831123313331337933105694] /Users/weichangbin/Desktop/reptiles/server/app/schedule/replies.js execute succeed, used 16ms
2020-02-09 01:31:52,332 INFO 56619 [Timer] /Users/weichangbin/Desktop/reptiles/server/app/schedule/replies.js next time will execute after 1800000ms at 2020-02-09 02:01:52.332
2020-02-09 02:01:52,439 INFO 56624 [Job#15811849124193349337985999415] /Users/weichangbin/Desktop/reptiles/server/app/schedule/replies.js executing by app
2020-02-09 02:01:52,508 INFO 56624 [Job#15811849124193349337985999415] /Users/weichangbin/Desktop/reptiles/server/app/schedule/replies.js execute succeed, used 66ms
2020-02-09 02:01:52,427 INFO 56619 [Timer] /Users/weichangbin/Desktop/reptiles/server/app/schedule/replies.js next time will execute after 1800000ms at 2020-02-09 02:31:52.426
2020-02-09 02:31:52,484 INFO 56619 [Timer] /Users/weichangbin/Desktop/reptiles/server/app/schedule/replies.js next time will execute after 1800000ms at 2020-02-09 03:01:52.484
2020-02-09 02:31:52,487 INFO 56624 [Job#15811867124843367338088669886] /Users/weichangbin/Desktop/reptiles/server/app/schedule/replies.js executing by app
2020-02-09 02:31:52,508 INFO 56624 [Job#15811867124843367338088669886] /Users/weichangbin/Desktop/reptiles/server/app/schedule/replies.js execute succeed, used 21ms
2020-02-09 03:01:52,547 INFO 56619 [Timer] /Users/weichangbin/Desktop/reptiles/server/app/schedule/replies.js next time will execute after 1800000ms at 2020-02-09 03:31:52.547
2020-02-09 03:01:52,549 INFO 56624 [Job#15811885125473385338182499467] /Users/weichangbin/Desktop/reptiles/server/app/schedule/replies.js executing by app
2020-02-09 03:01:52,569 INFO 56624 [Job#15811885125473385338182499467] /Users/weichangbin/Desktop/reptiles/server/app/schedule/replies.js execute succeed, used 19ms
2020-02-09 08:59:05,644 INFO 56619 [Timer] /Users/weichangbin/Desktop/reptiles/server/app/schedule/replies.js next time will execute after 1800000ms at 2020-02-09 09:29:05.644
2020-02-09 08:59:05,672 INFO 56624 [Job#15812099456413403338222946908] /Users/weichangbin/Desktop/reptiles/server/app/schedule/replies.js executing by app
2020-02-09 08:59:05,922 INFO 56624 [Job#15812099456413403338222946908] /Users/weichangbin/Desktop/reptiles/server/app/schedule/replies.js execute succeed, used 246ms
2020-02-09 10:41:16,012 INFO 56624 [Job#15812160759943421338323855339] /Users/weichangbin/Desktop/reptiles/server/app/schedule/replies.js executing by app
2020-02-09 10:41:16,086 INFO 56624 [Job#15812160759943421338323855339] /Users/weichangbin/Desktop/reptiles/server/app/schedule/replies.js execute succeed, used 73ms
2020-02-09 10:41:15,996 INFO 56619 [Timer] /Users/weichangbin/Desktop/reptiles/server/app/schedule/replies.js next time will execute after 1800000ms at 2020-02-09 11:11:15.996
2020-02-09 10:56:49,173 INFO 62381 [egg-schedule]: register schedule /Users/weichangbin/Desktop/reptiles/server/node_modules/egg-multipart/app/schedule/clean_tmpdir.js
2020-02-09 10:56:49,173 INFO 62381 [egg-schedule]: register schedule /Users/weichangbin/Desktop/reptiles/server/node_modules/egg-logrotator/app/schedule/clean_log.js
2020-02-09 10:56:49,173 INFO 62381 [egg-schedule]: register schedule /Users/weichangbin/Desktop/reptiles/server/node_modules/egg-logrotator/app/schedule/rotate_by_file.js
2020-02-09 10:56:49,173 INFO 62381 [egg-schedule]: register schedule /Users/weichangbin/Desktop/reptiles/server/app/schedule/replies.js
2020-02-09 10:57:21,048 INFO 62394 [egg-schedule]: register schedule /Users/weichangbin/Desktop/reptiles/server/node_modules/egg-multipart/app/schedule/clean_tmpdir.js
2020-02-09 10:57:21,048 INFO 62394 [egg-schedule]: register schedule /Users/weichangbin/Desktop/reptiles/server/node_modules/egg-logrotator/app/schedule/clean_log.js
2020-02-09 10:57:21,048 INFO 62394 [egg-schedule]: register schedule /Users/weichangbin/Desktop/reptiles/server/node_modules/egg-logrotator/app/schedule/rotate_by_file.js
2020-02-09 10:57:21,048 INFO 62394 [egg-schedule]: register schedule /Users/weichangbin/Desktop/reptiles/server/app/schedule/replies.js
2020-02-09 10:57:23,803 INFO 62395 [egg-schedule]: register schedule /Users/weichangbin/Desktop/reptiles/server/node_modules/egg-multipart/app/schedule/clean_tmpdir.js
2020-02-09 10:57:23,803 INFO 62395 [egg-schedule]: register schedule /Users/weichangbin/Desktop/reptiles/server/node_modules/egg-logrotator/app/schedule/clean_log.js
2020-02-09 10:57:23,803 INFO 62395 [egg-schedule]: register schedule /Users/weichangbin/Desktop/reptiles/server/node_modules/egg-logrotator/app/schedule/rotate_by_file.js
2020-02-09 10:57:23,803 INFO 62395 [egg-schedule]: register schedule /Users/weichangbin/Desktop/reptiles/server/app/schedule/replies.js
2020-02-09 11:11:16,073 INFO 62395 [Job#158121787606734393383929626010] /Users/weichangbin/Desktop/reptiles/server/app/schedule/replies.js executing by app
2020-02-09 11:11:16,086 INFO 62395 [Job#158121787606734393383929626010] /Users/weichangbin/Desktop/reptiles/server/app/schedule/replies.js execute succeed, used 13ms
2020-02-09 11:11:16,070 INFO 56619 [Timer] /Users/weichangbin/Desktop/reptiles/server/app/schedule/replies.js next time will execute after 1800000ms at 2020-02-09 11:41:16.070
2020-02-09 11:39:22,755 INFO 56619 [Timer] /Users/weichangbin/Desktop/reptiles/server/node_modules/egg-multipart/app/schedule/clean_tmpdir.js next time will execute after 60637285ms at 2020-02-10 04:30:00.039
2020-02-09 11:39:22,735 INFO 62395 [Job#15812195627053456204176307641] /Users/weichangbin/Desktop/reptiles/server/node_modules/egg-multipart/app/schedule/clean_tmpdir.js executing by app
2020-02-09 11:39:22,812 INFO 62395 [Job#15812195627053456204176307641] /Users/weichangbin/Desktop/reptiles/server/node_modules/egg-multipart/app/schedule/clean_tmpdir.js execute succeed, used 74ms
2020-02-09 11:41:16,145 INFO 56619 [Timer] /Users/weichangbin/Desktop/reptiles/server/app/schedule/replies.js next time will execute after 1800000ms at 2020-02-09 12:11:16.145
2020-02-09 11:41:16,148 INFO 62395 [Job#158121967614334573384644850611] /Users/weichangbin/Desktop/reptiles/server/app/schedule/replies.js executing by app
2020-02-09 11:41:16,168 INFO 62395 [Job#158121967614334573384644850611] /Users/weichangbin/Desktop/reptiles/server/app/schedule/replies.js execute succeed, used 20ms
2020-02-09 11:54:20,426 INFO 63721 [egg-schedule]: register schedule /Users/weichangbin/Desktop/reptiles/server/node_modules/egg-multipart/app/schedule/clean_tmpdir.js
2020-02-09 11:54:20,426 INFO 63721 [egg-schedule]: register schedule /Users/weichangbin/Desktop/reptiles/server/node_modules/egg-logrotator/app/schedule/clean_log.js
2020-02-09 11:54:20,426 INFO 63721 [egg-schedule]: register schedule /Users/weichangbin/Desktop/reptiles/server/node_modules/egg-logrotator/app/schedule/rotate_by_file.js
2020-02-09 11:54:20,426 INFO 63721 [egg-schedule]: register schedule /Users/weichangbin/Desktop/reptiles/server/app/schedule/replies.js
2020-02-09 11:54:21,673 INFO 63719 [Timer] /Users/weichangbin/Desktop/reptiles/server/node_modules/egg-multipart/app/schedule/clean_tmpdir.js next time will execute after 59738332ms at 2020-02-10 04:30:00.005
2020-02-09 11:54:21,674 INFO 63719 [Timer] /Users/weichangbin/Desktop/reptiles/server/node_modules/egg-logrotator/app/schedule/clean_log.js next time will execute after 43538327ms at 2020-02-10 00:00:00.001
2020-02-09 11:54:21,676 INFO 63719 [Timer] /Users/weichangbin/Desktop/reptiles/server/node_modules/egg-logrotator/app/schedule/rotate_by_file.js next time will execute after 43539326ms at 2020-02-10 00:00:01.002
2020-02-09 11:54:21,676 INFO 63719 [Timer] /Users/weichangbin/Desktop/reptiles/server/app/schedule/replies.js next time will execute after 1800000ms at 2020-02-09 12:24:21.676
2020-02-09 12:35:55,505 INFO 63721 [Job#15812229554373479994882245121] /Users/weichangbin/Desktop/reptiles/server/app/schedule/replies.js executing by app
2020-02-09 12:35:55,619 INFO 63721 [Job#15812229554373479994882245121] /Users/weichangbin/Desktop/reptiles/server/app/schedule/replies.js execute succeed, used 96ms
2020-02-09 12:35:55,448 INFO 63719 [Timer] /Users/weichangbin/Desktop/reptiles/server/app/schedule/replies.js next time will execute after 1800000ms at 2020-02-09 13:05:55.448
2020-02-09 13:56:33,418 INFO 63719 [Timer] /Users/weichangbin/Desktop/reptiles/server/app/schedule/replies.js next time will execute after 1800000ms at 2020-02-09 14:26:33.418
2020-02-09 13:56:33,425 INFO 63721 [Job#15812277934153497995045818132] /Users/weichangbin/Desktop/reptiles/server/app/schedule/replies.js executing by app
2020-02-09 13:56:33,469 INFO 63721 [Job#15812277934153497995045818132] /Users/weichangbin/Desktop/reptiles/server/app/schedule/replies.js execute succeed, used 42ms
2020-02-09 14:24:35,700 INFO 66121 [egg-schedule]: register schedule /Users/weichangbin/Desktop/reptiles/server/node_modules/egg-multipart/app/schedule/clean_tmpdir.js
2020-02-09 14:24:35,700 INFO 66121 [egg-schedule]: register schedule /Users/weichangbin/Desktop/reptiles/server/node_modules/egg-logrotator/app/schedule/clean_log.js
2020-02-09 14:24:35,700 INFO 66121 [egg-schedule]: register schedule /Users/weichangbin/Desktop/reptiles/server/node_modules/egg-logrotator/app/schedule/rotate_by_file.js
2020-02-09 14:24:35,700 INFO 66121 [egg-schedule]: register schedule /Users/weichangbin/Desktop/reptiles/server/app/schedule/replies.js
2020-02-09 14:24:37,380 INFO 66111 [Timer] /Users/weichangbin/Desktop/reptiles/server/node_modules/egg-multipart/app/schedule/clean_tmpdir.js next time will execute after 50722625ms at 2020-02-10 04:30:00.005
2020-02-09 14:24:37,381 INFO 66111 [Timer] /Users/weichangbin/Desktop/reptiles/server/node_modules/egg-logrotator/app/schedule/clean_log.js next time will execute after 34522620ms at 2020-02-10 00:00:00.001
2020-02-09 14:24:37,381 INFO 66111 [Timer] /Users/weichangbin/Desktop/reptiles/server/node_modules/egg-logrotator/app/schedule/rotate_by_file.js next time will execute after 34523619ms at 2020-02-10 00:00:01.000
2020-02-09 14:24:37,382 INFO 66111 [Timer] /Users/weichangbin/Desktop/reptiles/server/app/schedule/replies.js next time will execute after 1800000ms at 2020-02-09 14:54:37.382
2020-02-09 14:30:11,299 INFO 66256 [egg-schedule]: register schedule /Users/weichangbin/Desktop/reptiles/server/node_modules/egg-multipart/app/schedule/clean_tmpdir.js
2020-02-09 14:30:11,299 INFO 66256 [egg-schedule]: register schedule /Users/weichangbin/Desktop/reptiles/server/node_modules/egg-logrotator/app/schedule/clean_log.js
2020-02-09 14:30:11,299 INFO 66256 [egg-schedule]: register schedule /Users/weichangbin/Desktop/reptiles/server/node_modules/egg-logrotator/app/schedule/rotate_by_file.js
2020-02-09 14:30:11,299 INFO 66256 [egg-schedule]: register schedule /Users/weichangbin/Desktop/reptiles/server/app/schedule/replies.js
2020-02-09 15:26:20,732 INFO 66111 [Timer] /Users/weichangbin/Desktop/reptiles/server/app/schedule/replies.js next time will execute after 1800000ms at 2020-02-09 15:56:20.732
2020-02-09 15:26:20,747 INFO 66256 [Job#15812331807283531377311873731] /Users/weichangbin/Desktop/reptiles/server/app/schedule/replies.js executing by app
2020-02-09 15:26:20,790 INFO 66256 [Job#15812331807283531377311873731] /Users/weichangbin/Desktop/reptiles/server/app/schedule/replies.js execute succeed, used 39ms
2020-02-09 15:56:20,772 INFO 66111 [Timer] /Users/weichangbin/Desktop/reptiles/server/app/schedule/replies.js next time will execute after 1800000ms at 2020-02-09 16:26:20.771
2020-02-09 15:56:20,783 INFO 66256 [Job#15812349807663549377390024512] /Users/weichangbin/Desktop/reptiles/server/app/schedule/replies.js executing by app
2020-02-09 15:56:20,821 INFO 66256 [Job#15812349807663549377390024512] /Users/weichangbin/Desktop/reptiles/server/app/schedule/replies.js execute succeed, used 29ms
2020-02-09 16:25:52,057 INFO 69173 [egg-schedule]: register schedule /Users/weichangbin/Desktop/reptiles/server/node_modules/egg-multipart/app/schedule/clean_tmpdir.js
2020-02-09 16:25:52,057 INFO 69173 [egg-schedule]: register schedule /Users/weichangbin/Desktop/reptiles/server/node_modules/egg-logrotator/app/schedule/clean_log.js
2020-02-09 16:25:52,057 INFO 69173 [egg-schedule]: register schedule /Users/weichangbin/Desktop/reptiles/server/node_modules/egg-logrotator/app/schedule/rotate_by_file.js
2020-02-09 16:25:52,057 INFO 69173 [egg-schedule]: register schedule /Users/weichangbin/Desktop/reptiles/server/app/schedule/replies.js
2020-02-09 16:25:54,155 INFO 69164 [Timer] /Users/weichangbin/Desktop/reptiles/server/node_modules/egg-multipart/app/schedule/clean_tmpdir.js next time will execute after 43445852ms at 2020-02-10 04:30:00.007
2020-02-09 16:25:54,156 INFO 69164 [Timer] /Users/weichangbin/Desktop/reptiles/server/node_modules/egg-logrotator/app/schedule/clean_log.js next time will execute after 27245844ms at 2020-02-10 00:00:00.000
2020-02-09 16:25:54,157 INFO 69164 [Timer] /Users/weichangbin/Desktop/reptiles/server/node_modules/egg-logrotator/app/schedule/rotate_by_file.js next time will execute after 27246843ms at 2020-02-10 00:00:01.000
2020-02-09 16:25:54,157 INFO 69164 [Timer] /Users/weichangbin/Desktop/reptiles/server/app/schedule/replies.js next time will execute after 1800000ms at 2020-02-09 16:55:54.157
2020-02-09 16:55:54,357 INFO 69173 [Job#15812385542383584744499385891] /Users/weichangbin/Desktop/reptiles/server/app/schedule/replies.js executing by app
2020-02-09 16:55:54,495 INFO 69173 [Job#15812385542383584744499385891] /Users/weichangbin/Desktop/reptiles/server/app/schedule/replies.js execute succeed, used 112ms
2020-02-09 16:55:54,255 INFO 69164 [Timer] /Users/weichangbin/Desktop/reptiles/server/app/schedule/replies.js next time will execute after 1800000ms at 2020-02-09 17:25:54.254
2020-02-09 17:25:54,346 INFO 69173 [Job#15812403543263602744707466602] /Users/weichangbin/Desktop/reptiles/server/app/schedule/replies.js executing by app
2020-02-09 17:25:54,428 INFO 69173 [Job#15812403543263602744707466602] /Users/weichangbin/Desktop/reptiles/server/app/schedule/replies.js execute succeed, used 72ms
2020-02-09 17:25:54,332 INFO 69164 [Timer] /Users/weichangbin/Desktop/reptiles/server/app/schedule/replies.js next time will execute after 1800000ms at 2020-02-09 17:55:54.331
2020-02-09 17:55:54,417 INFO 69164 [Timer] /Users/weichangbin/Desktop/reptiles/server/app/schedule/replies.js next time will execute after 1800000ms at 2020-02-09 18:25:54.415
2020-02-09 17:55:54,442 INFO 69173 [Job#15812421544103620744838111913] /Users/weichangbin/Desktop/reptiles/server/app/schedule/replies.js executing by app
2020-02-09 17:55:54,523 INFO 69173 [Job#15812421544103620744838111913] /Users/weichangbin/Desktop/reptiles/server/app/schedule/replies.js execute succeed, used 79ms
2020-02-09 19:25:27,028 INFO 69164 [Timer] /Users/weichangbin/Desktop/reptiles/server/app/schedule/replies.js next time will execute after 1800000ms at 2020-02-09 19:55:27.028
2020-02-09 19:25:27,035 INFO 69173 [Job#15812475270163638744940639284] /Users/weichangbin/Desktop/reptiles/server/app/schedule/replies.js executing by app
2020-02-09 19:25:27,074 INFO 69173 [Job#15812475270163638744940639284] /Users/weichangbin/Desktop/reptiles/server/app/schedule/replies.js execute succeed, used 38ms
2020-02-09 19:55:27,097 INFO 69173 [Job#15812493270873656745072326375] /Users/weichangbin/Desktop/reptiles/server/app/schedule/replies.js executing by app
2020-02-09 19:55:27,123 INFO 69173 [Job#15812493270873656745072326375] /Users/weichangbin/Desktop/reptiles/server/app/schedule/replies.js execute succeed, used 26ms
2020-02-09 19:55:27,090 INFO 69164 [Timer] /Users/weichangbin/Desktop/reptiles/server/app/schedule/replies.js next time will execute after 1800000ms at 2020-02-09 20:25:27.089
2020-02-09 21:05:11,014 INFO 69164 [Timer] /Users/weichangbin/Desktop/reptiles/server/app/schedule/replies.js next time will execute after 1800000ms at 2020-02-09 21:35:11.014
2020-02-09 21:05:11,016 INFO 69173 [Job#15812535110123674745122017336] /Users/weichangbin/Desktop/reptiles/server/app/schedule/replies.js executing by app
2020-02-09 21:05:11,039 INFO 69173 [Job#15812535110123674745122017336] /Users/weichangbin/Desktop/reptiles/server/app/schedule/replies.js execute succeed, used 23ms
2020-02-09 21:35:11,050 INFO 69164 [Timer] /Users/weichangbin/Desktop/reptiles/server/app/schedule/replies.js next time will execute after 1800000ms at 2020-02-09 22:05:11.050
2020-02-09 21:35:11,051 INFO 69173 [Job#15812553110483692745204337457] /Users/weichangbin/Desktop/reptiles/server/app/schedule/replies.js executing by app
2020-02-09 21:35:11,081 INFO 69173 [Job#15812553110483692745204337457] /Users/weichangbin/Desktop/reptiles/server/app/schedule/replies.js execute succeed, used 30ms
2020-02-09 22:05:11,126 INFO 69164 [Timer] /Users/weichangbin/Desktop/reptiles/server/app/schedule/replies.js next time will execute after 1800000ms at 2020-02-09 22:35:11.126
2020-02-09 22:05:11,135 INFO 69173 [Job#15812571111233710745260757818] /Users/weichangbin/Desktop/reptiles/server/app/schedule/replies.js executing by app
2020-02-09 22:05:11,169 INFO 69173 [Job#15812571111233710745260757818] /Users/weichangbin/Desktop/reptiles/server/app/schedule/replies.js execute succeed, used 33ms
2020-02-09 22:35:11,191 INFO 69164 [Timer] /Users/weichangbin/Desktop/reptiles/server/app/schedule/replies.js next time will execute after 1800000ms at 2020-02-09 23:05:11.191
2020-02-09 22:35:11,194 INFO 69173 [Job#15812589111903728745309471999] /Users/weichangbin/Desktop/reptiles/server/app/schedule/replies.js executing by app
2020-02-09 22:35:11,217 INFO 69173 [Job#15812589111903728745309471999] /Users/weichangbin/Desktop/reptiles/server/app/schedule/replies.js execute succeed, used 23ms
2020-02-10 08:49:08,883 INFO 77139 [egg-schedule]: register schedule /Users/weichangbin/Desktop/reptiles/server/node_modules/egg-multipart/app/schedule/clean_tmpdir.js
2020-02-10 08:49:08,883 INFO 77139 [egg-schedule]: register schedule /Users/weichangbin/Desktop/reptiles/server/node_modules/egg-logrotator/app/schedule/clean_log.js
2020-02-10 08:49:08,883 INFO 77139 [egg-schedule]: register schedule /Users/weichangbin/Desktop/reptiles/server/node_modules/egg-logrotator/app/schedule/rotate_by_file.js
2020-02-10 08:49:08,883 INFO 77139 [egg-schedule]: register schedule /Users/weichangbin/Desktop/reptiles/server/app/schedule/replies.js
2020-02-10 08:49:10,677 INFO 77137 [Timer] /Users/weichangbin/Desktop/reptiles/server/node_modules/egg-multipart/app/schedule/clean_tmpdir.js next time will execute after 70849330ms at 2020-02-11 04:30:00.007
2020-02-10 08:49:10,679 INFO 77137 [Timer] /Users/weichangbin/Desktop/reptiles/server/node_modules/egg-logrotator/app/schedule/clean_log.js next time will execute after 54649322ms at 2020-02-11 00:00:00.001
2020-02-10 08:49:10,680 INFO 77137 [Timer] /Users/weichangbin/Desktop/reptiles/server/node_modules/egg-logrotator/app/schedule/rotate_by_file.js next time will execute after 54650321ms at 2020-02-11 00:00:01.001
2020-02-10 08:49:10,680 INFO 77137 [Timer] /Users/weichangbin/Desktop/reptiles/server/app/schedule/replies.js next time will execute after 1800000ms at 2020-02-10 09:19:10.680
2020-02-10 09:19:10,903 INFO 77139 [Job#15812975507833774338326656991] /Users/weichangbin/Desktop/reptiles/server/app/schedule/replies.js executing by app
2020-02-10 09:19:11,037 INFO 77139 [Job#15812975507833774338326656991] /Users/weichangbin/Desktop/reptiles/server/app/schedule/replies.js execute succeed, used 116ms
2020-02-10 09:19:10,831 INFO 77137 [Timer] /Users/weichangbin/Desktop/reptiles/server/app/schedule/replies.js next time will execute after 1800000ms at 2020-02-10 09:49:10.828
2020-02-10 09:49:28,520 INFO 77137 [Timer] /Users/weichangbin/Desktop/reptiles/server/app/schedule/replies.js next time will execute after 1800000ms at 2020-02-10 10:19:28.519
2020-02-10 09:49:28,566 INFO 77139 [Job#15812993685123792338991425482] /Users/weichangbin/Desktop/reptiles/server/app/schedule/replies.js executing by app
2020-02-10 09:49:28,727 INFO 77139 [Job#15812993685123792338991425482] /Users/weichangbin/Desktop/reptiles/server/app/schedule/replies.js execute succeed, used 144ms
2020-02-10 09:51:01,566 INFO 79769 [egg-schedule]: register schedule /Users/weichangbin/Desktop/reptiles/server/node_modules/egg-multipart/app/schedule/clean_tmpdir.js
2020-02-10 09:51:01,566 INFO 79769 [egg-schedule]: register schedule /Users/weichangbin/Desktop/reptiles/server/node_modules/egg-logrotator/app/schedule/clean_log.js
2020-02-10 09:51:01,566 INFO 79769 [egg-schedule]: register schedule /Users/weichangbin/Desktop/reptiles/server/node_modules/egg-logrotator/app/schedule/rotate_by_file.js
2020-02-10 09:51:01,566 INFO 79769 [egg-schedule]: register schedule /Users/weichangbin/Desktop/reptiles/server/app/schedule/replies.js
2020-02-10 09:51:07,537 INFO 79773 [egg-schedule]: register schedule /Users/weichangbin/Desktop/reptiles/server/node_modules/egg-multipart/app/schedule/clean_tmpdir.js
2020-02-10 09:51:07,537 INFO 79773 [egg-schedule]: register schedule /Users/weichangbin/Desktop/reptiles/server/node_modules/egg-logrotator/app/schedule/clean_log.js
2020-02-10 09:51:07,537 INFO 79773 [egg-schedule]: register schedule /Users/weichangbin/Desktop/reptiles/server/node_modules/egg-logrotator/app/schedule/rotate_by_file.js
2020-02-10 09:51:07,537 INFO 79773 [egg-schedule]: register schedule /Users/weichangbin/Desktop/reptiles/server/app/schedule/replies.js
